c:\users\admin\source\repos\tamerlanchik\foxcode\dijkstra’s algorithm\dijkstra’s algorithm\x64\debug\dijkstra’s algorithm.pch
c:\users\admin\source\repos\tamerlanchik\foxcode\dijkstra’s algorithm\dijkstra’s algorithm\x64\debug\vc141.pdb
c:\users\admin\source\repos\tamerlanchik\foxcode\dijkstra’s algorithm\dijkstra’s algorithm\x64\debug\vc141.idb
c:\users\admin\source\repos\tamerlanchik\foxcode\dijkstra’s algorithm\dijkstra’s algorithm\x64\debug\dijkstra’s algorithm.pchast
c:\users\admin\source\repos\tamerlanchik\foxcode\dijkstra’s algorithm\dijkstra’s algorithm\x64\debug\pch.nativecodeanalysis.xml
c:\users\admin\source\repos\tamerlanchik\foxcode\dijkstra’s algorithm\dijkstra’s algorithm\x64\debug\pch.obj
c:\users\admin\source\repos\tamerlanchik\foxcode\dijkstra’s algorithm\dijkstra’s algorithm\x64\debug\routesearch.nativecodeanalysis.xml
c:\users\admin\source\repos\tamerlanchik\foxcode\dijkstra’s algorithm\dijkstra’s algorithm\x64\debug\graphconstructor.nativecodeanalysis.xml
c:\users\admin\source\repos\tamerlanchik\foxcode\dijkstra’s algorithm\dijkstra’s algorithm\x64\debug\dijkstrasalgorithm.nativecodeanalysis.xml
c:\users\admin\source\repos\tamerlanchik\foxcode\dijkstra’s algorithm\dijkstra’s algorithm\x64\debug\dbmaster.nativecodeanalysis.xml
c:\users\admin\source\repos\tamerlanchik\foxcode\dijkstra’s algorithm\dijkstra’s algorithm\x64\debug\cmatrixgraph.nativecodeanalysis.xml
c:\users\admin\source\repos\tamerlanchik\foxcode\dijkstra’s algorithm\dijkstra’s algorithm\x64\debug\cmatrixgraph.obj
c:\users\admin\source\repos\tamerlanchik\foxcode\dijkstra’s algorithm\dijkstra’s algorithm\x64\debug\dbmaster.obj
c:\users\admin\source\repos\tamerlanchik\foxcode\dijkstra’s algorithm\dijkstra’s algorithm\x64\debug\dijkstrasalgorithm.obj
c:\users\admin\source\repos\tamerlanchik\foxcode\dijkstra’s algorithm\dijkstra’s algorithm\x64\debug\graphconstructor.obj
c:\users\admin\source\repos\tamerlanchik\foxcode\dijkstra’s algorithm\dijkstra’s algorithm\x64\debug\routesearch.obj
c:\users\admin\source\repos\tamerlanchik\foxcode\dijkstra’s algorithm\dijkstra’s algorithm\x64\debug\sqlite3.nativecodeanalysis.xml
c:\users\admin\source\repos\tamerlanchik\foxcode\dijkstra’s algorithm\dijkstra’s algorithm\x64\debug\shell.nativecodeanalysis.xml
c:\users\admin\source\repos\tamerlanchik\foxcode\dijkstra’s algorithm\dijkstra’s algorithm\x64\debug\shell.obj
c:\users\admin\source\repos\tamerlanchik\foxcode\dijkstra’s algorithm\dijkstra’s algorithm\x64\debug\sqlite3.obj
c:\users\admin\source\repos\tamerlanchik\foxcode\dijkstra’s algorithm\dijkstra’s algorithm\x64\debug\main.nativecodeanalysis.xml
c:\users\admin\source\repos\tamerlanchik\foxcode\dijkstra’s algorithm\dijkstra’s algorithm\x64\debug\main.obj
c:\users\admin\source\repos\tamerlanchik\foxcode\dijkstra’s algorithm\x64\debug\dijkstra’s algorithm.exe
c:\users\admin\source\repos\tamerlanchik\foxcode\dijkstra’s algorithm\x64\debug\dijkstra’s algorithm.ilk
c:\users\admin\source\repos\tamerlanchik\foxcode\dijkstra’s algorithm\x64\debug\dijkstra’s algorithm.pdb
c:\users\admin\source\repos\tamerlanchik\foxcode\dijkstra’s algorithm\dijkstra’s algorithm\x64\debug\nativecodeanalysis.read.1.tlog
c:\users\admin\source\repos\tamerlanchik\foxcode\dijkstra’s algorithm\dijkstra’s algorithm\x64\debug\vc.nativecodeanalysis.all.xml
c:\users\admin\source\repos\tamerlanchik\foxcode\dijkstra’s algorithm\x64\debug\dijkstra’s algorithm.exe.lastcodeanalysissucceeded
c:\users\admin\source\repos\tamerlanchik\foxcode\dijkstra’s algorithm\dijkstra’s algorithm\x64\debug\dijkstra.6f162ead.tlog\cl.command.1.tlog
c:\users\admin\source\repos\tamerlanchik\foxcode\dijkstra’s algorithm\dijkstra’s algorithm\x64\debug\dijkstra.6f162ead.tlog\cl.read.1.tlog
c:\users\admin\source\repos\tamerlanchik\foxcode\dijkstra’s algorithm\dijkstra’s algorithm\x64\debug\dijkstra.6f162ead.tlog\cl.write.1.tlog
c:\users\admin\source\repos\tamerlanchik\foxcode\dijkstra’s algorithm\dijkstra’s algorithm\x64\debug\dijkstra.6f162ead.tlog\link.command.1.tlog
c:\users\admin\source\repos\tamerlanchik\foxcode\dijkstra’s algorithm\dijkstra’s algorithm\x64\debug\dijkstra.6f162ead.tlog\link.read.1.tlog
c:\users\admin\source\repos\tamerlanchik\foxcode\dijkstra’s algorithm\dijkstra’s algorithm\x64\debug\dijkstra.6f162ead.tlog\link.write.1.tlog
