  RouteSearch.cpp
  Dijkstra’s algorithm.vcxproj -> C:\Users\Admin\source\repos\tamerlanchik\FoxCode\Dijkstra’s algorithm\x64\Debug\Dijkstra’s algorithm.exe
c:\users\admin\source\repos\tamerlanchik\foxcode\dijkstra’s algorithm\dijkstra’s algorithm\dbmaster.cpp(13): warning C6011: Разыменование пустого указателя "SQLQuery". 
c:\users\admin\source\repos\tamerlanchik\foxcode\dijkstra’s algorithm\dijkstra’s algorithm\dbmaster.cpp(25): warning C6011: Разыменование пустого указателя "SQLQuery". 
c:\users\admin\source\repos\tamerlanchik\foxcode\dijkstra’s algorithm\dijkstra’s algorithm\dbmaster.cpp(79): warning C26451: Arithmetic overflow: Using operator '-' on a 4 byte value and then casting the result to a 8 byte value. Cast the value to the wider type before calling operator '-' to avoid overflow (io.2).
c:\users\admin\source\repos\tamerlanchik\foxcode\dijkstra’s algorithm\dijkstra’s algorithm\dbmaster.cpp(80): warning C26451: Arithmetic overflow: Using operator '-' on a 4 byte value and then casting the result to a 8 byte value. Cast the value to the wider type before calling operator '-' to avoid overflow (io.2).
c:\users\admin\source\repos\tamerlanchik\foxcode\dijkstra’s algorithm\dijkstra’s algorithm\dbmaster.cpp(88): warning C26451: Arithmetic overflow: Using operator '-' on a 4 byte value and then casting the result to a 8 byte value. Cast the value to the wider type before calling operator '-' to avoid overflow (io.2).
c:\users\admin\source\repos\tamerlanchik\foxcode\dijkstra’s algorithm\dijkstra’s algorithm\sqlite_lib\shell.c(212): warning C6031: Возвращаемое значение пропущено: "_setmode".
c:\users\admin\source\repos\tamerlanchik\foxcode\dijkstra’s algorithm\dijkstra’s algorithm\sqlite_lib\shell.c(216): warning C6031: Возвращаемое значение пропущено: "_setmode".
c:\users\admin\source\repos\tamerlanchik\foxcode\dijkstra’s algorithm\dijkstra’s algorithm\sqlite_lib\shell.c(591): warning C6308: realloc может возвратить пустой указатель: присвоение пустого указателя переменной "zLine", которая передается в качестве аргумента функции realloc, приведет к утечке исходного блока памяти.
c:\users\admin\source\repos\tamerlanchik\foxcode\dijkstra’s algorithm\dijkstra’s algorithm\sqlite_lib\shell.c(618): warning C6308: realloc может возвратить пустой указатель: присвоение пустого указателя переменной "zLine", которая передается в качестве аргумента функции realloc, приведет к утечке исходного блока памяти.
c:\users\admin\source\repos\tamerlanchik\foxcode\dijkstra’s algorithm\dijkstra’s algorithm\sqlite_lib\shell.c(594): warning C28182: Разыменование пустого (NULL) указателя. "zLine" содержит то же значение NULL, которое находилось в "realloc()`591". 
c:\users\admin\source\repos\tamerlanchik\foxcode\dijkstra’s algorithm\dijkstra’s algorithm\sqlite_lib\shell.c(765): warning C6308: realloc может возвратить пустой указатель: присвоение пустого указателя переменной "p->z", которая передается в качестве аргумента функции realloc, приведет к утечке исходного блока памяти.
c:\users\admin\source\repos\tamerlanchik\foxcode\dijkstra’s algorithm\dijkstra’s algorithm\sqlite_lib\shell.c(780): warning C6387: "p->z+p->n" может быть равен "0":  это не соответствует спецификации функции "memcpy". 
c:\users\admin\source\repos\tamerlanchik\foxcode\dijkstra’s algorithm\dijkstra’s algorithm\sqlite_lib\shell.c(782): warning C28182: Разыменование пустого (NULL) указателя. "p->z" содержит то же значение NULL, которое находилось в "realloc()`765". Самое раннее расположение, где это могло произойти, см. в строке 780
c:\users\admin\source\repos\tamerlanchik\foxcode\dijkstra’s algorithm\dijkstra’s algorithm\sqlite_lib\shell.c(771): warning C28182: Разыменование пустого (NULL) указателя. "zCsr" содержит то же значение NULL, которое находилось в "realloc()`765". 
c:\users\admin\source\repos\tamerlanchik\foxcode\dijkstra’s algorithm\dijkstra’s algorithm\sqlite_lib\shell.c(2702): warning C26451: Arithmetic overflow: Using operator '-' on a 4 byte value and then casting the result to a 8 byte value. Cast the value to the wider type before calling operator '-' to avoid overflow (io.2).
c:\users\admin\source\repos\tamerlanchik\foxcode\dijkstra’s algorithm\dijkstra’s algorithm\sqlite_lib\shell.c(3461): warning C26451: Arithmetic overflow: Using operator '*' on a 4 byte value and then casting the result to a 8 byte value. Cast the value to the wider type before calling operator '*' to avoid overflow (io.2).
c:\users\admin\source\repos\tamerlanchik\foxcode\dijkstra’s algorithm\dijkstra’s algorithm\sqlite_lib\shell.c(3462): warning C26451: Arithmetic overflow: Using operator '-' on a 4 byte value and then casting the result to a 8 byte value. Cast the value to the wider type before calling operator '-' to avoid overflow (io.2).
c:\users\admin\source\repos\tamerlanchik\foxcode\dijkstra’s algorithm\dijkstra’s algorithm\sqlite_lib\shell.c(6965): warning C26451: Arithmetic overflow: Using operator '+' on a 4 byte value and then casting the result to a 8 byte value. Cast the value to the wider type before calling operator '+' to avoid overflow (io.2).
c:\users\admin\source\repos\tamerlanchik\foxcode\dijkstra’s algorithm\dijkstra’s algorithm\sqlite_lib\shell.c(7177): warning C26451: Arithmetic overflow: Using operator '+' on a 4 byte value and then casting the result to a 8 byte value. Cast the value to the wider type before calling operator '+' to avoid overflow (io.2).
c:\users\admin\source\repos\tamerlanchik\foxcode\dijkstra’s algorithm\dijkstra’s algorithm\sqlite_lib\shell.c(7417): warning C6387: "pNew->zName" может быть равен "0":  это не соответствует спецификации функции "memcpy". 
c:\users\admin\source\repos\tamerlanchik\foxcode\dijkstra’s algorithm\dijkstra’s algorithm\sqlite_lib\shell.c(7416): warning C6011: Разыменование пустого указателя "pNew". 
c:\users\admin\source\repos\tamerlanchik\foxcode\dijkstra’s algorithm\dijkstra’s algorithm\sqlite_lib\shell.c(7417): warning C26451: Arithmetic overflow: Using operator '+' on a 4 byte value and then casting the result to a 8 byte value. Cast the value to the wider type before calling operator '+' to avoid overflow (io.2).
c:\users\admin\source\repos\tamerlanchik\foxcode\dijkstra’s algorithm\dijkstra’s algorithm\sqlite_lib\shell.c(7448): warning C26451: Arithmetic overflow: Using operator '+' on a 4 byte value and then casting the result to a 8 byte value. Cast the value to the wider type before calling operator '+' to avoid overflow (io.2).
c:\users\admin\source\repos\tamerlanchik\foxcode\dijkstra’s algorithm\dijkstra’s algorithm\sqlite_lib\shell.c(8242): warning C26451: Arithmetic overflow: Using operator '+' on a 4 byte value and then casting the result to a 8 byte value. Cast the value to the wider type before calling operator '+' to avoid overflow (io.2).
c:\users\admin\source\repos\tamerlanchik\foxcode\dijkstra’s algorithm\dijkstra’s algorithm\sqlite_lib\shell.c(8394): warning C6011: Разыменование пустого указателя "pCtx". 
c:\users\admin\source\repos\tamerlanchik\foxcode\dijkstra’s algorithm\dijkstra’s algorithm\sqlite_lib\shell.c(8518): warning C26451: Arithmetic overflow: Using operator '+' on a 4 byte value and then casting the result to a 8 byte value. Cast the value to the wider type before calling operator '+' to avoid overflow (io.2).
c:\users\admin\source\repos\tamerlanchik\foxcode\dijkstra’s algorithm\dijkstra’s algorithm\sqlite_lib\shell.c(9223): warning C26451: Arithmetic overflow: Using operator '+' on a 4 byte value and then casting the result to a 8 byte value. Cast the value to the wider type before calling operator '+' to avoid overflow (io.2).
c:\users\admin\source\repos\tamerlanchik\foxcode\dijkstra’s algorithm\dijkstra’s algorithm\sqlite_lib\shell.c(9402): warning C6011: Разыменование пустого указателя "pNew". 
c:\users\admin\source\repos\tamerlanchik\foxcode\dijkstra’s algorithm\dijkstra’s algorithm\sqlite_lib\shell.c(9404): warning C26451: Arithmetic overflow: Using operator '+' on a 4 byte value and then casting the result to a 8 byte value. Cast the value to the wider type before calling operator '+' to avoid overflow (io.2).
c:\users\admin\source\repos\tamerlanchik\foxcode\dijkstra’s algorithm\dijkstra’s algorithm\sqlite_lib\shell.c(9965): warning C6011: Разыменование пустого указателя "z". 
c:\users\admin\source\repos\tamerlanchik\foxcode\dijkstra’s algorithm\dijkstra’s algorithm\sqlite_lib\shell.c(9965): warning C6386: Переполнение буфера при записи в "z":  доступный для записи объем равен "(unsigned int)n+(unsigned int)1" байт, однако записать можно только "3" байт.
c:\users\admin\source\repos\tamerlanchik\foxcode\dijkstra’s algorithm\dijkstra’s algorithm\sqlite_lib\shell.c(10375): warning C6011: Разыменование пустого указателя "p->aiIndent". 
c:\users\admin\source\repos\tamerlanchik\foxcode\dijkstra’s algorithm\dijkstra’s algorithm\sqlite_lib\shell.c(10374): warning C6011: Разыменование пустого указателя "abYield". 
c:\users\admin\source\repos\tamerlanchik\foxcode\dijkstra’s algorithm\dijkstra’s algorithm\sqlite_lib\shell.c(10450): warning C26451: Arithmetic overflow: Using operator '*' on a 4 byte value and then casting the result to a 8 byte value. Cast the value to the wider type before calling operator '*' to avoid overflow (io.2).
c:\users\admin\source\repos\tamerlanchik\foxcode\dijkstra’s algorithm\dijkstra’s algorithm\sqlite_lib\shell.c(10834): warning C6011: Разыменование пустого указателя "azCol". 
c:\users\admin\source\repos\tamerlanchik\foxcode\dijkstra’s algorithm\dijkstra’s algorithm\sqlite_lib\shell.c(11359): warning C26451: Arithmetic overflow: Using operator '+' on a 4 byte value and then casting the result to a 8 byte value. Cast the value to the wider type before calling operator '+' to avoid overflow (io.2).
c:\users\admin\source\repos\tamerlanchik\foxcode\dijkstra’s algorithm\dijkstra’s algorithm\sqlite_lib\shell.c(11960): warning C6011: Разыменование пустого указателя "p->z". 
c:\users\admin\source\repos\tamerlanchik\foxcode\dijkstra’s algorithm\dijkstra’s algorithm\sqlite_lib\shell.c(12118): warning C26451: Arithmetic overflow: Using operator '+' on a 4 byte value and then casting the result to a 8 byte value. Cast the value to the wider type before calling operator '+' to avoid overflow (io.2).
c:\users\admin\source\repos\tamerlanchik\foxcode\dijkstra’s algorithm\dijkstra’s algorithm\sqlite_lib\shell.c(12118): warning C26451: Arithmetic overflow: Using operator '+' on a 4 byte value and then casting the result to a 8 byte value. Cast the value to the wider type before calling operator '+' to avoid overflow (io.2).
c:\users\admin\source\repos\tamerlanchik\foxcode\dijkstra’s algorithm\dijkstra’s algorithm\sqlite_lib\shell.c(14254): warning C26451: Arithmetic overflow: Using operator '+' on a 4 byte value and then casting the result to a 8 byte value. Cast the value to the wider type before calling operator '+' to avoid overflow (io.2).
c:\users\admin\source\repos\tamerlanchik\foxcode\dijkstra’s algorithm\dijkstra’s algorithm\sqlite_lib\shell.c(14254): warning C26451: Arithmetic overflow: Using operator '+' on a 4 byte value and then casting the result to a 8 byte value. Cast the value to the wider type before calling operator '+' to avoid overflow (io.2).
c:\users\admin\source\repos\tamerlanchik\foxcode\dijkstra’s algorithm\dijkstra’s algorithm\sqlite_lib\shell.c(14254): warning C26451: Arithmetic overflow: Using operator '*' on a 4 byte value and then casting the result to a 8 byte value. Cast the value to the wider type before calling operator '*' to avoid overflow (io.2).
c:\users\admin\source\repos\tamerlanchik\foxcode\dijkstra’s algorithm\dijkstra’s algorithm\sqlite_lib\shell.c(16188): warning C6308: realloc может возвратить пустой указатель: присвоение пустого указателя переменной "zSql", которая передается в качестве аргумента функции realloc, приведет к утечке исходного блока памяти.
c:\users\admin\source\repos\tamerlanchik\foxcode\dijkstra’s algorithm\dijkstra’s algorithm\sqlite_lib\shell.c(16200): warning C6386: Переполнение буфера при записи в "zSql":  доступный для записи объем равен "nAlloc" байт, однако записать можно только "nSql++" байт.
c:\users\admin\source\repos\tamerlanchik\foxcode\dijkstra’s algorithm\dijkstra’s algorithm\sqlite_lib\shell.c(16201): warning C26451: Arithmetic overflow: Using operator '+' on a 4 byte value and then casting the result to a 8 byte value. Cast the value to the wider type before calling operator '+' to avoid overflow (io.2).
c:\users\admin\source\repos\tamerlanchik\foxcode\dijkstra’s algorithm\dijkstra’s algorithm\sqlite_lib\shell.c(16196): warning C26451: Arithmetic overflow: Using operator '-' on a 4 byte value and then casting the result to a 8 byte value. Cast the value to the wider type before calling operator '-' to avoid overflow (io.2).
c:\users\admin\source\repos\tamerlanchik\foxcode\dijkstra’s algorithm\dijkstra’s algorithm\sqlite_lib\shell.c(16196): warning C26451: Arithmetic overflow: Using operator '+' on a 4 byte value and then casting the result to a 8 byte value. Cast the value to the wider type before calling operator '+' to avoid overflow (io.2).
c:\users\admin\source\repos\tamerlanchik\foxcode\dijkstra’s algorithm\dijkstra’s algorithm\sqlite_lib\shell.c(16594): warning C6308: realloc может возвратить пустой указатель: присвоение пустого указателя переменной "azCmd", которая передается в качестве аргумента функции realloc, приведет к утечке исходного блока памяти.
c:\users\admin\source\repos\tamerlanchik\foxcode\dijkstra’s algorithm\dijkstra’s algorithm\sqlite_lib\shell.c(16547): warning C6386: Переполнение буфера при записи в "argvToFree":  доступный для записи объем равен "sizeof((argv[0]))*argc*2" байт, однако записать можно только "16" байт.
c:\users\admin\source\repos\tamerlanchik\foxcode\dijkstra’s algorithm\dijkstra’s algorithm\sqlite_lib\shell.c(16981): warning C6385: Чтение недопустимых данных из "argvToFree":  доступный для чтения объем равен "<COMPLEX_EXPR>" байт, однако считать можно только "16" байт.
c:\users\admin\source\repos\tamerlanchik\foxcode\dijkstra’s algorithm\dijkstra’s algorithm\sqlite_lib\shell.c(16546): warning C26451: Arithmetic overflow: Using operator '+' on a 4 byte value and then casting the result to a 8 byte value. Cast the value to the wider type before calling operator '+' to avoid overflow (io.2).
c:\users\admin\source\repos\tamerlanchik\foxcode\dijkstra’s algorithm\dijkstra’s algorithm\sqlite_lib\sqlite3.c(21141): warning C26451: Arithmetic overflow: Using operator '+' on a 4 byte value and then casting the result to a 8 byte value. Cast the value to the wider type before calling operator '+' to avoid overflow (io.2).
c:\users\admin\source\repos\tamerlanchik\foxcode\dijkstra’s algorithm\dijkstra’s algorithm\sqlite_lib\sqlite3.c(21141): warning C26451: Arithmetic overflow: Using operator '+' on a 4 byte value and then casting the result to a 8 byte value. Cast the value to the wider type before calling operator '+' to avoid overflow (io.2).
c:\users\admin\source\repos\tamerlanchik\foxcode\dijkstra’s algorithm\dijkstra’s algorithm\sqlite_lib\sqlite3.c(21141): warning C26451: Arithmetic overflow: Using operator '+' on a 4 byte value and then casting the result to a 8 byte value. Cast the value to the wider type before calling operator '+' to avoid overflow (io.2).
c:\users\admin\source\repos\tamerlanchik\foxcode\dijkstra’s algorithm\dijkstra’s algorithm\sqlite_lib\sqlite3.c(21144): warning C26451: Arithmetic overflow: Using operator '+' on a 4 byte value and then casting the result to a 8 byte value. Cast the value to the wider type before calling operator '+' to avoid overflow (io.2).
c:\users\admin\source\repos\tamerlanchik\foxcode\dijkstra’s algorithm\dijkstra’s algorithm\sqlite_lib\sqlite3.c(21144): warning C26451: Arithmetic overflow: Using operator '*' on a 4 byte value and then casting the result to a 8 byte value. Cast the value to the wider type before calling operator '*' to avoid overflow (io.2).
c:\users\admin\source\repos\tamerlanchik\foxcode\dijkstra’s algorithm\dijkstra’s algorithm\sqlite_lib\sqlite3.c(21146): warning C26451: Arithmetic overflow: Using operator '*' on a 4 byte value and then casting the result to a 8 byte value. Cast the value to the wider type before calling operator '*' to avoid overflow (io.2).
c:\users\admin\source\repos\tamerlanchik\foxcode\dijkstra’s algorithm\dijkstra’s algorithm\sqlite_lib\sqlite3.c(21301): warning C26451: Arithmetic overflow: Using operator '-' on a 4 byte value and then casting the result to a 8 byte value. Cast the value to the wider type before calling operator '-' to avoid overflow (io.2).
c:\users\admin\source\repos\tamerlanchik\foxcode\dijkstra’s algorithm\dijkstra’s algorithm\sqlite_lib\sqlite3.c(21324): warning C26451: Arithmetic overflow: Using operator '-' on a 4 byte value and then casting the result to a 8 byte value. Cast the value to the wider type before calling operator '-' to avoid overflow (io.2).
c:\users\admin\source\repos\tamerlanchik\foxcode\dijkstra’s algorithm\dijkstra’s algorithm\sqlite_lib\sqlite3.c(28071): warning C26451: Arithmetic overflow: Using operator '+' on a 4 byte value and then casting the result to a 8 byte value. Cast the value to the wider type before calling operator '+' to avoid overflow (io.2).
c:\users\admin\source\repos\tamerlanchik\foxcode\dijkstra’s algorithm\dijkstra’s algorithm\sqlite_lib\sqlite3.c(28165): warning C26451: Arithmetic overflow: Using operator '+' on a 4 byte value and then casting the result to a 8 byte value. Cast the value to the wider type before calling operator '+' to avoid overflow (io.2).
c:\users\admin\source\repos\tamerlanchik\foxcode\dijkstra’s algorithm\dijkstra’s algorithm\sqlite_lib\sqlite3.c(28167): warning C26451: Arithmetic overflow: Using operator '+' on a 4 byte value and then casting the result to a 8 byte value. Cast the value to the wider type before calling operator '+' to avoid overflow (io.2).
c:\users\admin\source\repos\tamerlanchik\foxcode\dijkstra’s algorithm\dijkstra’s algorithm\sqlite_lib\sqlite3.c(29464): warning C28182: Разыменование пустого (NULL) указателя. "xTask" содержит то же значение NULL, которое находилось в "p->xTask". 
c:\users\admin\source\repos\tamerlanchik\foxcode\dijkstra’s algorithm\dijkstra’s algorithm\sqlite_lib\sqlite3.c(29490): warning C6001: Использование неинициализированной памяти "*p".
c:\users\admin\source\repos\tamerlanchik\foxcode\dijkstra’s algorithm\dijkstra’s algorithm\sqlite_lib\sqlite3.c(30534): warning C26451: Arithmetic overflow: Using operator '-' on a 4 byte value and then casting the result to a 8 byte value. Cast the value to the wider type before calling operator '-' to avoid overflow (io.2).
c:\users\admin\source\repos\tamerlanchik\foxcode\dijkstra’s algorithm\dijkstra’s algorithm\sqlite_lib\sqlite3.c(30550): warning C26451: Arithmetic overflow: Using operator '-' on a 4 byte value and then casting the result to a 8 byte value. Cast the value to the wider type before calling operator '-' to avoid overflow (io.2).
c:\users\admin\source\repos\tamerlanchik\foxcode\dijkstra’s algorithm\dijkstra’s algorithm\sqlite_lib\sqlite3.c(30639): warning C26451: Arithmetic overflow: Using operator '*' on a 4 byte value and then casting the result to a 8 byte value. Cast the value to the wider type before calling operator '*' to avoid overflow (io.2).
c:\users\admin\source\repos\tamerlanchik\foxcode\dijkstra’s algorithm\dijkstra’s algorithm\sqlite_lib\sqlite3.c(31360): warning C26451: Arithmetic overflow: Using operator '+' on a 4 byte value and then casting the result to a 8 byte value. Cast the value to the wider type before calling operator '+' to avoid overflow (io.2).
c:\users\admin\source\repos\tamerlanchik\foxcode\dijkstra’s algorithm\dijkstra’s algorithm\sqlite_lib\sqlite3.c(43246): warning C26451: Arithmetic overflow: Using operator '-' on a 4 byte value and then casting the result to a 8 byte value. Cast the value to the wider type before calling operator '-' to avoid overflow (io.2).
c:\users\admin\source\repos\tamerlanchik\foxcode\dijkstra’s algorithm\dijkstra’s algorithm\sqlite_lib\sqlite3.c(44687): warning C6011: Разыменование пустого указателя "pShm". 
c:\users\admin\source\repos\tamerlanchik\foxcode\dijkstra’s algorithm\dijkstra’s algorithm\sqlite_lib\sqlite3.c(44733): warning C26451: Arithmetic overflow: Using operator '+' on a 4 byte value and then casting the result to a 8 byte value. Cast the value to the wider type before calling operator '+' to avoid overflow (io.2).
c:\users\admin\source\repos\tamerlanchik\foxcode\dijkstra’s algorithm\dijkstra’s algorithm\sqlite_lib\sqlite3.c(44775): warning C26451: Arithmetic overflow: Using operator '+' on a 4 byte value and then casting the result to a 8 byte value. Cast the value to the wider type before calling operator '+' to avoid overflow (io.2).
c:\users\admin\source\repos\tamerlanchik\foxcode\dijkstra’s algorithm\dijkstra’s algorithm\sqlite_lib\sqlite3.c(44988): warning C6011: Разыменование пустого указателя "pFd->pMapRegion". 
c:\users\admin\source\repos\tamerlanchik\foxcode\dijkstra’s algorithm\dijkstra’s algorithm\sqlite_lib\sqlite3.c(47378): warning C26451: Arithmetic overflow: Using operator '+' on a 4 byte value and then casting the result to a 8 byte value. Cast the value to the wider type before calling operator '+' to avoid overflow (io.2).
c:\users\admin\source\repos\tamerlanchik\foxcode\dijkstra’s algorithm\dijkstra’s algorithm\sqlite_lib\sqlite3.c(47577): warning C26451: Arithmetic overflow: Using operator '+' on a 4 byte value and then casting the result to a 8 byte value. Cast the value to the wider type before calling operator '+' to avoid overflow (io.2).
c:\users\admin\source\repos\tamerlanchik\foxcode\dijkstra’s algorithm\dijkstra’s algorithm\sqlite_lib\sqlite3.c(47893): warning C26451: Arithmetic overflow: Using operator '+' on a 4 byte value and then casting the result to a 8 byte value. Cast the value to the wider type before calling operator '+' to avoid overflow (io.2).
c:\users\admin\source\repos\tamerlanchik\foxcode\dijkstra’s algorithm\dijkstra’s algorithm\sqlite_lib\sqlite3.c(47909): warning C6011: Разыменование пустого указателя "sqlite3Config.pcache2.xInit". 
c:\users\admin\source\repos\tamerlanchik\foxcode\dijkstra’s algorithm\dijkstra’s algorithm\sqlite_lib\sqlite3.c(48468): warning C26451: Arithmetic overflow: Using operator '+' on a 4 byte value and then casting the result to a 8 byte value. Cast the value to the wider type before calling operator '+' to avoid overflow (io.2).
c:\users\admin\source\repos\tamerlanchik\foxcode\dijkstra’s algorithm\dijkstra’s algorithm\sqlite_lib\sqlite3.c(48955): warning C28182: Разыменование пустого (NULL) указателя. "p" содержит то же значение NULL, которое находилось в "pCache->pFree". 
c:\users\admin\source\repos\tamerlanchik\foxcode\dijkstra’s algorithm\dijkstra’s algorithm\sqlite_lib\sqlite3.c(52214): warning C26451: Arithmetic overflow: Using operator '+' on a 4 byte value and then casting the result to a 8 byte value. Cast the value to the wider type before calling operator '+' to avoid overflow (io.2).
c:\users\admin\source\repos\tamerlanchik\foxcode\dijkstra’s algorithm\dijkstra’s algorithm\sqlite_lib\sqlite3.c(52804): warning C26451: Arithmetic overflow: Using operator '+' on a 4 byte value and then casting the result to a 8 byte value. Cast the value to the wider type before calling operator '+' to avoid overflow (io.2).
c:\users\admin\source\repos\tamerlanchik\foxcode\dijkstra’s algorithm\dijkstra’s algorithm\sqlite_lib\sqlite3.c(52804): warning C26451: Arithmetic overflow: Using operator '+' on a 4 byte value and then casting the result to a 8 byte value. Cast the value to the wider type before calling operator '+' to avoid overflow (io.2).
c:\users\admin\source\repos\tamerlanchik\foxcode\dijkstra’s algorithm\dijkstra’s algorithm\sqlite_lib\sqlite3.c(53042): warning C26451: Arithmetic overflow: Using operator '*' on a 4 byte value and then casting the result to a 8 byte value. Cast the value to the wider type before calling operator '*' to avoid overflow (io.2).
c:\users\admin\source\repos\tamerlanchik\foxcode\dijkstra’s algorithm\dijkstra’s algorithm\sqlite_lib\sqlite3.c(53101): warning C26451: Arithmetic overflow: Using operator '+' on a 4 byte value and then casting the result to a 8 byte value. Cast the value to the wider type before calling operator '+' to avoid overflow (io.2).
c:\users\admin\source\repos\tamerlanchik\foxcode\dijkstra’s algorithm\dijkstra’s algorithm\sqlite_lib\sqlite3.c(53351): warning C26451: Arithmetic overflow: Using operator '+' on a 4 byte value and then casting the result to a 8 byte value. Cast the value to the wider type before calling operator '+' to avoid overflow (io.2).
c:\users\admin\source\repos\tamerlanchik\foxcode\dijkstra’s algorithm\dijkstra’s algorithm\sqlite_lib\sqlite3.c(53370): warning C26451: Arithmetic overflow: Using operator '+' on a 4 byte value and then casting the result to a 8 byte value. Cast the value to the wider type before calling operator '+' to avoid overflow (io.2).
c:\users\admin\source\repos\tamerlanchik\foxcode\dijkstra’s algorithm\dijkstra’s algorithm\sqlite_lib\sqlite3.c(53690): warning C28182: Разыменование пустого (NULL) указателя. "pList" содержит то же значение NULL, которое находилось в "*ppNext=p". 
c:\users\admin\source\repos\tamerlanchik\foxcode\dijkstra’s algorithm\dijkstra’s algorithm\sqlite_lib\sqlite3.c(53951): warning C26451: Arithmetic overflow: Using operator '+' on a 4 byte value and then casting the result to a 8 byte value. Cast the value to the wider type before calling operator '+' to avoid overflow (io.2).
c:\users\admin\source\repos\tamerlanchik\foxcode\dijkstra’s algorithm\dijkstra’s algorithm\sqlite_lib\sqlite3.c(53966): warning C26451: Arithmetic overflow: Using operator '+' on a 4 byte value and then casting the result to a 8 byte value. Cast the value to the wider type before calling operator '+' to avoid overflow (io.2).
c:\users\admin\source\repos\tamerlanchik\foxcode\dijkstra’s algorithm\dijkstra’s algorithm\sqlite_lib\sqlite3.c(55016): warning C26451: Arithmetic overflow: Using operator '+' on a 4 byte value and then casting the result to a 8 byte value. Cast the value to the wider type before calling operator '+' to avoid overflow (io.2).
c:\users\admin\source\repos\tamerlanchik\foxcode\dijkstra’s algorithm\dijkstra’s algorithm\sqlite_lib\sqlite3.c(55247): warning C26451: Arithmetic overflow: Using operator '*' on a 4 byte value and then casting the result to a 8 byte value. Cast the value to the wider type before calling operator '*' to avoid overflow (io.2).
c:\users\admin\source\repos\tamerlanchik\foxcode\dijkstra’s algorithm\dijkstra’s algorithm\sqlite_lib\sqlite3.c(55256): warning C26451: Arithmetic overflow: Using operator '+' on a 4 byte value and then casting the result to a 8 byte value. Cast the value to the wider type before calling operator '+' to avoid overflow (io.2).
c:\users\admin\source\repos\tamerlanchik\foxcode\dijkstra’s algorithm\dijkstra’s algorithm\sqlite_lib\sqlite3.c(55257): warning C26451: Arithmetic overflow: Using operator '+' on a 4 byte value and then casting the result to a 8 byte value. Cast the value to the wider type before calling operator '+' to avoid overflow (io.2).
c:\users\admin\source\repos\tamerlanchik\foxcode\dijkstra’s algorithm\dijkstra’s algorithm\sqlite_lib\sqlite3.c(55292): warning C26451: Arithmetic overflow: Using operator '*' on a 4 byte value and then casting the result to a 8 byte value. Cast the value to the wider type before calling operator '*' to avoid overflow (io.2).
c:\users\admin\source\repos\tamerlanchik\foxcode\dijkstra’s algorithm\dijkstra’s algorithm\sqlite_lib\sqlite3.c(55315): warning C26451: Arithmetic overflow: Using operator '+' on a 4 byte value and then casting the result to a 8 byte value. Cast the value to the wider type before calling operator '+' to avoid overflow (io.2).
c:\users\admin\source\repos\tamerlanchik\foxcode\dijkstra’s algorithm\dijkstra’s algorithm\sqlite_lib\sqlite3.c(55315): warning C26451: Arithmetic overflow: Using operator '+' on a 4 byte value and then casting the result to a 8 byte value. Cast the value to the wider type before calling operator '+' to avoid overflow (io.2).
c:\users\admin\source\repos\tamerlanchik\foxcode\dijkstra’s algorithm\dijkstra’s algorithm\sqlite_lib\sqlite3.c(56398): warning C26451: Arithmetic overflow: Using operator '+' on a 4 byte value and then casting the result to a 8 byte value. Cast the value to the wider type before calling operator '+' to avoid overflow (io.2).
c:\users\admin\source\repos\tamerlanchik\foxcode\dijkstra’s algorithm\dijkstra’s algorithm\sqlite_lib\sqlite3.c(57300): warning C26451: Arithmetic overflow: Using operator '-' on a 4 byte value and then casting the result to a 8 byte value. Cast the value to the wider type before calling operator '-' to avoid overflow (io.2).
c:\users\admin\source\repos\tamerlanchik\foxcode\dijkstra’s algorithm\dijkstra’s algorithm\sqlite_lib\sqlite3.c(58766): warning C26451: Arithmetic overflow: Using operator '+' on a 4 byte value and then casting the result to a 8 byte value. Cast the value to the wider type before calling operator '+' to avoid overflow (io.2).
c:\users\admin\source\repos\tamerlanchik\foxcode\dijkstra’s algorithm\dijkstra’s algorithm\sqlite_lib\sqlite3.c(58774): warning C26451: Arithmetic overflow: Using operator '-' on a 4 byte value and then casting the result to a 8 byte value. Cast the value to the wider type before calling operator '-' to avoid overflow (io.2).
c:\users\admin\source\repos\tamerlanchik\foxcode\dijkstra’s algorithm\dijkstra’s algorithm\sqlite_lib\sqlite3.c(58774): warning C26451: Arithmetic overflow: Using operator '+' on a 4 byte value and then casting the result to a 8 byte value. Cast the value to the wider type before calling operator '+' to avoid overflow (io.2).
c:\users\admin\source\repos\tamerlanchik\foxcode\dijkstra’s algorithm\dijkstra’s algorithm\sqlite_lib\sqlite3.c(59125): warning C26451: Arithmetic overflow: Using operator '*' on a 4 byte value and then casting the result to a 8 byte value. Cast the value to the wider type before calling operator '*' to avoid overflow (io.2).
c:\users\admin\source\repos\tamerlanchik\foxcode\dijkstra’s algorithm\dijkstra’s algorithm\sqlite_lib\sqlite3.c(59125): warning C26451: Arithmetic overflow: Using operator '-' on a 4 byte value and then casting the result to a 8 byte value. Cast the value to the wider type before calling operator '-' to avoid overflow (io.2).
c:\users\admin\source\repos\tamerlanchik\foxcode\dijkstra’s algorithm\dijkstra’s algorithm\sqlite_lib\sqlite3.c(59139): warning C26451: Arithmetic overflow: Using operator '+' on a 4 byte value and then casting the result to a 8 byte value. Cast the value to the wider type before calling operator '+' to avoid overflow (io.2).
c:\users\admin\source\repos\tamerlanchik\foxcode\dijkstra’s algorithm\dijkstra’s algorithm\sqlite_lib\sqlite3.c(59819): warning C26451: Arithmetic overflow: Using operator '-' on a 4 byte value and then casting the result to a 8 byte value. Cast the value to the wider type before calling operator '-' to avoid overflow (io.2).
c:\users\admin\source\repos\tamerlanchik\foxcode\dijkstra’s algorithm\dijkstra’s algorithm\sqlite_lib\sqlite3.c(60069): warning C26451: Arithmetic overflow: Using operator '+' on a 4 byte value and then casting the result to a 8 byte value. Cast the value to the wider type before calling operator '+' to avoid overflow (io.2).
c:\users\admin\source\repos\tamerlanchik\foxcode\dijkstra’s algorithm\dijkstra’s algorithm\sqlite_lib\sqlite3.c(60540): warning C26451: Arithmetic overflow: Using operator '+' on a 4 byte value and then casting the result to a 8 byte value. Cast the value to the wider type before calling operator '+' to avoid overflow (io.2).
c:\users\admin\source\repos\tamerlanchik\foxcode\dijkstra’s algorithm\dijkstra’s algorithm\sqlite_lib\sqlite3.c(61148): warning C26451: Arithmetic overflow: Using operator '+' on a 4 byte value and then casting the result to a 8 byte value. Cast the value to the wider type before calling operator '+' to avoid overflow (io.2).
c:\users\admin\source\repos\tamerlanchik\foxcode\dijkstra’s algorithm\dijkstra’s algorithm\sqlite_lib\sqlite3.c(61466): warning C26451: Arithmetic overflow: Using operator '+' on a 4 byte value and then casting the result to a 8 byte value. Cast the value to the wider type before calling operator '+' to avoid overflow (io.2).
c:\users\admin\source\repos\tamerlanchik\foxcode\dijkstra’s algorithm\dijkstra’s algorithm\sqlite_lib\sqlite3.c(61475): warning C26451: Arithmetic overflow: Using operator '+' on a 4 byte value and then casting the result to a 8 byte value. Cast the value to the wider type before calling operator '+' to avoid overflow (io.2).
c:\users\admin\source\repos\tamerlanchik\foxcode\dijkstra’s algorithm\dijkstra’s algorithm\sqlite_lib\sqlite3.c(61701): warning C6011: Разыменование пустого указателя "pLast". 
c:\users\admin\source\repos\tamerlanchik\foxcode\dijkstra’s algorithm\dijkstra’s algorithm\sqlite_lib\sqlite3.c(61591): warning C26451: Arithmetic overflow: Using operator '+' on a 4 byte value and then casting the result to a 8 byte value. Cast the value to the wider type before calling operator '+' to avoid overflow (io.2).
c:\users\admin\source\repos\tamerlanchik\foxcode\dijkstra’s algorithm\dijkstra’s algorithm\sqlite_lib\sqlite3.c(61607): warning C26451: Arithmetic overflow: Using operator '+' on a 4 byte value and then casting the result to a 8 byte value. Cast the value to the wider type before calling operator '+' to avoid overflow (io.2).
c:\users\admin\source\repos\tamerlanchik\foxcode\dijkstra’s algorithm\dijkstra’s algorithm\sqlite_lib\sqlite3.c(61680): warning C26451: Arithmetic overflow: Using operator '+' on a 4 byte value and then casting the result to a 8 byte value. Cast the value to the wider type before calling operator '+' to avoid overflow (io.2).
c:\users\admin\source\repos\tamerlanchik\foxcode\dijkstra’s algorithm\dijkstra’s algorithm\sqlite_lib\sqlite3.c(61681): warning C26451: Arithmetic overflow: Using operator '+' on a 4 byte value and then casting the result to a 8 byte value. Cast the value to the wider type before calling operator '+' to avoid overflow (io.2).
c:\users\admin\source\repos\tamerlanchik\foxcode\dijkstra’s algorithm\dijkstra’s algorithm\sqlite_lib\sqlite3.c(64515): warning C26451: Arithmetic overflow: Using operator '-' on a 4 byte value and then casting the result to a 8 byte value. Cast the value to the wider type before calling operator '-' to avoid overflow (io.2).
c:\users\admin\source\repos\tamerlanchik\foxcode\dijkstra’s algorithm\dijkstra’s algorithm\sqlite_lib\sqlite3.c(64520): warning C26451: Arithmetic overflow: Using operator '-' on a 4 byte value and then casting the result to a 8 byte value. Cast the value to the wider type before calling operator '-' to avoid overflow (io.2).
c:\users\admin\source\repos\tamerlanchik\foxcode\dijkstra’s algorithm\dijkstra’s algorithm\sqlite_lib\sqlite3.c(64560): warning C26451: Arithmetic overflow: Using operator '-' on a 4 byte value and then casting the result to a 8 byte value. Cast the value to the wider type before calling operator '-' to avoid overflow (io.2).
c:\users\admin\source\repos\tamerlanchik\foxcode\dijkstra’s algorithm\dijkstra’s algorithm\sqlite_lib\sqlite3.c(64560): warning C26451: Arithmetic overflow: Using operator '+' on a 4 byte value and then casting the result to a 8 byte value. Cast the value to the wider type before calling operator '+' to avoid overflow (io.2).
c:\users\admin\source\repos\tamerlanchik\foxcode\dijkstra’s algorithm\dijkstra’s algorithm\sqlite_lib\sqlite3.c(64575): warning C26451: Arithmetic overflow: Using operator '-' on a 4 byte value and then casting the result to a 8 byte value. Cast the value to the wider type before calling operator '-' to avoid overflow (io.2).
c:\users\admin\source\repos\tamerlanchik\foxcode\dijkstra’s algorithm\dijkstra’s algorithm\sqlite_lib\sqlite3.c(67807): warning C26451: Arithmetic overflow: Using operator '*' on a 4 byte value and then casting the result to a 8 byte value. Cast the value to the wider type before calling operator '*' to avoid overflow (io.2).
c:\users\admin\source\repos\tamerlanchik\foxcode\dijkstra’s algorithm\dijkstra’s algorithm\sqlite_lib\sqlite3.c(68560): warning C26451: Arithmetic overflow: Using operator '+' on a 4 byte value and then casting the result to a 8 byte value. Cast the value to the wider type before calling operator '+' to avoid overflow (io.2).
c:\users\admin\source\repos\tamerlanchik\foxcode\dijkstra’s algorithm\dijkstra’s algorithm\sqlite_lib\sqlite3.c(68968): warning C6011: Разыменование пустого указателя "pTrunk". 
c:\users\admin\source\repos\tamerlanchik\foxcode\dijkstra’s algorithm\dijkstra’s algorithm\sqlite_lib\sqlite3.c(69034): warning C26451: Arithmetic overflow: Using operator '*' on a 4 byte value and then casting the result to a 8 byte value. Cast the value to the wider type before calling operator '*' to avoid overflow (io.2).
c:\users\admin\source\repos\tamerlanchik\foxcode\dijkstra’s algorithm\dijkstra’s algorithm\sqlite_lib\sqlite3.c(69472): warning C26451: Arithmetic overflow: Using operator '-' on a 4 byte value and then casting the result to a 8 byte value. Cast the value to the wider type before calling operator '-' to avoid overflow (io.2).
c:\users\admin\source\repos\tamerlanchik\foxcode\dijkstra’s algorithm\dijkstra’s algorithm\sqlite_lib\sqlite3.c(69644): warning C26451: Arithmetic overflow: Using operator '*' on a 4 byte value and then casting the result to a 8 byte value. Cast the value to the wider type before calling operator '*' to avoid overflow (io.2).
c:\users\admin\source\repos\tamerlanchik\foxcode\dijkstra’s algorithm\dijkstra’s algorithm\sqlite_lib\sqlite3.c(69737): warning C26451: Arithmetic overflow: Using operator '-' on a 4 byte value and then casting the result to a 8 byte value. Cast the value to the wider type before calling operator '-' to avoid overflow (io.2).
c:\users\admin\source\repos\tamerlanchik\foxcode\dijkstra’s algorithm\dijkstra’s algorithm\sqlite_lib\sqlite3.c(69742): warning C26451: Arithmetic overflow: Using operator '*' on a 4 byte value and then casting the result to a 8 byte value. Cast the value to the wider type before calling operator '*' to avoid overflow (io.2).
c:\users\admin\source\repos\tamerlanchik\foxcode\dijkstra’s algorithm\dijkstra’s algorithm\sqlite_lib\sqlite3.c(69743): warning C26451: Arithmetic overflow: Using operator '*' on a 4 byte value and then casting the result to a 8 byte value. Cast the value to the wider type before calling operator '*' to avoid overflow (io.2).
c:\users\admin\source\repos\tamerlanchik\foxcode\dijkstra’s algorithm\dijkstra’s algorithm\sqlite_lib\sqlite3.c(69917): warning C26451: Arithmetic overflow: Using operator '-' on a 4 byte value and then casting the result to a 8 byte value. Cast the value to the wider type before calling operator '-' to avoid overflow (io.2).
c:\users\admin\source\repos\tamerlanchik\foxcode\dijkstra’s algorithm\dijkstra’s algorithm\sqlite_lib\sqlite3.c(70134): warning C26451: Arithmetic overflow: Using operator '*' on a 4 byte value and then casting the result to a 8 byte value. Cast the value to the wider type before calling operator '*' to avoid overflow (io.2).
c:\users\admin\source\repos\tamerlanchik\foxcode\dijkstra’s algorithm\dijkstra’s algorithm\sqlite_lib\sqlite3.c(70152): warning C26451: Arithmetic overflow: Using operator '*' on a 4 byte value and then casting the result to a 8 byte value. Cast the value to the wider type before calling operator '*' to avoid overflow (io.2).
c:\users\admin\source\repos\tamerlanchik\foxcode\dijkstra’s algorithm\dijkstra’s algorithm\sqlite_lib\sqlite3.c(70166): warning C26451: Arithmetic overflow: Using operator '*' on a 4 byte value and then casting the result to a 8 byte value. Cast the value to the wider type before calling operator '*' to avoid overflow (io.2).
c:\users\admin\source\repos\tamerlanchik\foxcode\dijkstra’s algorithm\dijkstra’s algorithm\sqlite_lib\sqlite3.c(70166): warning C26451: Arithmetic overflow: Using operator '-' on a 4 byte value and then casting the result to a 8 byte value. Cast the value to the wider type before calling operator '-' to avoid overflow (io.2).
c:\users\admin\source\repos\tamerlanchik\foxcode\dijkstra’s algorithm\dijkstra’s algorithm\sqlite_lib\sqlite3.c(70403): warning C26451: Arithmetic overflow: Using operator '-' on a 4 byte value and then casting the result to a 8 byte value. Cast the value to the wider type before calling operator '-' to avoid overflow (io.2).
c:\users\admin\source\repos\tamerlanchik\foxcode\dijkstra’s algorithm\dijkstra’s algorithm\sqlite_lib\sqlite3.c(70404): warning C26451: Arithmetic overflow: Using operator '+' on a 4 byte value and then casting the result to a 8 byte value. Cast the value to the wider type before calling operator '+' to avoid overflow (io.2).
c:\users\admin\source\repos\tamerlanchik\foxcode\dijkstra’s algorithm\dijkstra’s algorithm\sqlite_lib\sqlite3.c(70700): warning C6001: Использование неинициализированной памяти "szNew".
c:\users\admin\source\repos\tamerlanchik\foxcode\dijkstra’s algorithm\dijkstra’s algorithm\sqlite_lib\sqlite3.c(70708): warning C6001: Использование неинициализированной памяти "apDiv".
c:\users\admin\source\repos\tamerlanchik\foxcode\dijkstra’s algorithm\dijkstra’s algorithm\sqlite_lib\sqlite3.c(70955): warning C6001: Использование неинициализированной памяти "apNew".
c:\users\admin\source\repos\tamerlanchik\foxcode\dijkstra’s algorithm\dijkstra’s algorithm\sqlite_lib\sqlite3.c(70955): warning C6385: Чтение недопустимых данных из "apNew":  доступный для чтения объем равен "40" байт, однако считать можно только "-8" байт.
c:\users\admin\source\repos\tamerlanchik\foxcode\dijkstra’s algorithm\dijkstra’s algorithm\sqlite_lib\sqlite3.c(71158): warning C6001: Использование неинициализированной памяти "apNew[BYTE:0]".
c:\users\admin\source\repos\tamerlanchik\foxcode\dijkstra’s algorithm\dijkstra’s algorithm\sqlite_lib\sqlite3.c(70557): warning C26451: Arithmetic overflow: Using operator '+' on a 4 byte value and then casting the result to a 8 byte value. Cast the value to the wider type before calling operator '+' to avoid overflow (io.2).
c:\users\admin\source\repos\tamerlanchik\foxcode\dijkstra’s algorithm\dijkstra’s algorithm\sqlite_lib\sqlite3.c(70591): warning C26451: Arithmetic overflow: Using operator '+' on a 4 byte value and then casting the result to a 8 byte value. Cast the value to the wider type before calling operator '+' to avoid overflow (io.2).
c:\users\admin\source\repos\tamerlanchik\foxcode\dijkstra’s algorithm\dijkstra’s algorithm\sqlite_lib\sqlite3.c(70676): warning C26451: Arithmetic overflow: Using operator '+' on a 4 byte value and then casting the result to a 8 byte value. Cast the value to the wider type before calling operator '+' to avoid overflow (io.2).
c:\users\admin\source\repos\tamerlanchik\foxcode\dijkstra’s algorithm\dijkstra’s algorithm\sqlite_lib\sqlite3.c(70690): warning C26451: Arithmetic overflow: Using operator '*' on a 4 byte value and then casting the result to a 8 byte value. Cast the value to the wider type before calling operator '*' to avoid overflow (io.2).
c:\users\admin\source\repos\tamerlanchik\foxcode\dijkstra’s algorithm\dijkstra’s algorithm\sqlite_lib\sqlite3.c(71426): warning C26451: Arithmetic overflow: Using operator '-' on a 4 byte value and then casting the result to a 8 byte value. Cast the value to the wider type before calling operator '-' to avoid overflow (io.2).
c:\users\admin\source\repos\tamerlanchik\foxcode\dijkstra’s algorithm\dijkstra’s algorithm\sqlite_lib\sqlite3.c(73031): warning C26451: Arithmetic overflow: Using operator '+' on a 4 byte value and then casting the result to a 8 byte value. Cast the value to the wider type before calling operator '+' to avoid overflow (io.2).
c:\users\admin\source\repos\tamerlanchik\foxcode\dijkstra’s algorithm\dijkstra’s algorithm\sqlite_lib\sqlite3.c(73949): warning C26451: Arithmetic overflow: Using operator '+' on a 4 byte value and then casting the result to a 8 byte value. Cast the value to the wider type before calling operator '+' to avoid overflow (io.2).
c:\users\admin\source\repos\tamerlanchik\foxcode\dijkstra’s algorithm\dijkstra’s algorithm\sqlite_lib\sqlite3.c(73951): warning C26451: Arithmetic overflow: Using operator '+' on a 4 byte value and then casting the result to a 8 byte value. Cast the value to the wider type before calling operator '+' to avoid overflow (io.2).
c:\users\admin\source\repos\tamerlanchik\foxcode\dijkstra’s algorithm\dijkstra’s algorithm\sqlite_lib\sqlite3.c(75342): warning C26451: Arithmetic overflow: Using operator '+' on a 4 byte value and then casting the result to a 8 byte value. Cast the value to the wider type before calling operator '+' to avoid overflow (io.2).
c:\users\admin\source\repos\tamerlanchik\foxcode\dijkstra’s algorithm\dijkstra’s algorithm\sqlite_lib\sqlite3.c(78006): warning C6011: Разыменование пустого указателя "apSub". 
c:\users\admin\source\repos\tamerlanchik\foxcode\dijkstra’s algorithm\dijkstra’s algorithm\sqlite_lib\sqlite3.c(78718): warning C26451: Arithmetic overflow: Using operator '+' on a 4 byte value and then casting the result to a 8 byte value. Cast the value to the wider type before calling operator '+' to avoid overflow (io.2).
c:\users\admin\source\repos\tamerlanchik\foxcode\dijkstra’s algorithm\dijkstra’s algorithm\sqlite_lib\sqlite3.c(79884): warning C26451: Arithmetic overflow: Using operator '+' on a 4 byte value and then casting the result to a 8 byte value. Cast the value to the wider type before calling operator '+' to avoid overflow (io.2).
c:\users\admin\source\repos\tamerlanchik\foxcode\dijkstra’s algorithm\dijkstra’s algorithm\sqlite_lib\sqlite3.c(90655): warning C26451: Arithmetic overflow: Using operator '-' on a 4 byte value and then casting the result to a 8 byte value. Cast the value to the wider type before calling operator '-' to avoid overflow (io.2).
c:\users\admin\source\repos\tamerlanchik\foxcode\dijkstra’s algorithm\dijkstra’s algorithm\sqlite_lib\sqlite3.c(89273): warning C26451: Arithmetic overflow: Using operator '-' on a 4 byte value and then casting the result to a 8 byte value. Cast the value to the wider type before calling operator '-' to avoid overflow (io.2).
c:\users\admin\source\repos\tamerlanchik\foxcode\dijkstra’s algorithm\dijkstra’s algorithm\sqlite_lib\sqlite3.c(86384): warning C26451: Arithmetic overflow: Using operator '+' on a 4 byte value and then casting the result to a 8 byte value. Cast the value to the wider type before calling operator '+' to avoid overflow (io.2).
c:\users\admin\source\repos\tamerlanchik\foxcode\dijkstra’s algorithm\dijkstra’s algorithm\sqlite_lib\sqlite3.c(84820): warning C26451: Arithmetic overflow: Using operator '+' on a 4 byte value and then casting the result to a 8 byte value. Cast the value to the wider type before calling operator '+' to avoid overflow (io.2).
c:\users\admin\source\repos\tamerlanchik\foxcode\dijkstra’s algorithm\dijkstra’s algorithm\sqlite_lib\sqlite3.c(84239): warning C26451: Arithmetic overflow: Using operator '-' on a 4 byte value and then casting the result to a 8 byte value. Cast the value to the wider type before calling operator '-' to avoid overflow (io.2).
c:\users\admin\source\repos\tamerlanchik\foxcode\dijkstra’s algorithm\dijkstra’s algorithm\sqlite_lib\sqlite3.c(92452): warning C26451: Arithmetic overflow: Using operator '+' on a 4 byte value and then casting the result to a 8 byte value. Cast the value to the wider type before calling operator '+' to avoid overflow (io.2).
c:\users\admin\source\repos\tamerlanchik\foxcode\dijkstra’s algorithm\dijkstra’s algorithm\sqlite_lib\sqlite3.c(93217): warning C6011: Разыменование пустого указателя "pTask". 
c:\users\admin\source\repos\tamerlanchik\foxcode\dijkstra’s algorithm\dijkstra’s algorithm\sqlite_lib\sqlite3.c(94369): warning C6011: Разыменование пустого указателя "pChunk". 
c:\users\admin\source\repos\tamerlanchik\foxcode\dijkstra’s algorithm\dijkstra’s algorithm\sqlite_lib\sqlite3.c(94480): warning C26451: Arithmetic overflow: Using operator '-' on a 4 byte value and then casting the result to a 8 byte value. Cast the value to the wider type before calling operator '-' to avoid overflow (io.2).
c:\users\admin\source\repos\tamerlanchik\foxcode\dijkstra’s algorithm\dijkstra’s algorithm\sqlite_lib\sqlite3.c(95013): warning C26451: Arithmetic overflow: Using operator '+' on a 4 byte value and then casting the result to a 8 byte value. Cast the value to the wider type before calling operator '+' to avoid overflow (io.2).
c:\users\admin\source\repos\tamerlanchik\foxcode\dijkstra’s algorithm\dijkstra’s algorithm\sqlite_lib\sqlite3.c(95018): warning C26451: Arithmetic overflow: Using operator '+' on a 4 byte value and then casting the result to a 8 byte value. Cast the value to the wider type before calling operator '+' to avoid overflow (io.2).
c:\users\admin\source\repos\tamerlanchik\foxcode\dijkstra’s algorithm\dijkstra’s algorithm\sqlite_lib\sqlite3.c(95763): warning C28182: Разыменование пустого (NULL) указателя. "pNC" содержит то же значение NULL, которое находилось в "pNC2". Самое раннее расположение, где это могло произойти, см. в строке 95514
c:\users\admin\source\repos\tamerlanchik\foxcode\dijkstra’s algorithm\dijkstra’s algorithm\sqlite_lib\sqlite3.c(97419): warning C6387: "pToken->z" может быть равен "0":  это не соответствует спецификации функции "memcpy". 
c:\users\admin\source\repos\tamerlanchik\foxcode\dijkstra’s algorithm\dijkstra’s algorithm\sqlite_lib\sqlite3.c(97644): warning C26451: Arithmetic overflow: Using operator '-' on a 4 byte value and then casting the result to a 8 byte value. Cast the value to the wider type before calling operator '-' to avoid overflow (io.2).
c:\users\admin\source\repos\tamerlanchik\foxcode\dijkstra’s algorithm\dijkstra’s algorithm\sqlite_lib\sqlite3.c(97963): warning C26451: Arithmetic overflow: Using operator '-' on a 4 byte value and then casting the result to a 8 byte value. Cast the value to the wider type before calling operator '-' to avoid overflow (io.2).
c:\users\admin\source\repos\tamerlanchik\foxcode\dijkstra’s algorithm\dijkstra’s algorithm\sqlite_lib\sqlite3.c(98089): warning C26451: Arithmetic overflow: Using operator '-' on a 4 byte value and then casting the result to a 8 byte value. Cast the value to the wider type before calling operator '-' to avoid overflow (io.2).
c:\users\admin\source\repos\tamerlanchik\foxcode\dijkstra’s algorithm\dijkstra’s algorithm\sqlite_lib\sqlite3.c(98228): warning C26451: Arithmetic overflow: Using operator '-' on a 4 byte value and then casting the result to a 8 byte value. Cast the value to the wider type before calling operator '-' to avoid overflow (io.2).
c:\users\admin\source\repos\tamerlanchik\foxcode\dijkstra’s algorithm\dijkstra’s algorithm\sqlite_lib\sqlite3.c(98228): warning C26451: Arithmetic overflow: Using operator '*' on a 4 byte value and then casting the result to a 8 byte value. Cast the value to the wider type before calling operator '*' to avoid overflow (io.2).
c:\users\admin\source\repos\tamerlanchik\foxcode\dijkstra’s algorithm\dijkstra’s algorithm\sqlite_lib\sqlite3.c(99230): warning C26451: Arithmetic overflow: Using operator '+' on a 4 byte value and then casting the result to a 8 byte value. Cast the value to the wider type before calling operator '+' to avoid overflow (io.2).
c:\users\admin\source\repos\tamerlanchik\foxcode\dijkstra’s algorithm\dijkstra’s algorithm\sqlite_lib\sqlite3.c(100407): warning C6011: Разыменование пустого указателя "pFarg". 
c:\users\admin\source\repos\tamerlanchik\foxcode\dijkstra’s algorithm\dijkstra’s algorithm\sqlite_lib\sqlite3.c(103118): warning C26451: Arithmetic overflow: Using operator '+' on a 4 byte value and then casting the result to a 8 byte value. Cast the value to the wider type before calling operator '+' to avoid overflow (io.2).
c:\users\admin\source\repos\tamerlanchik\foxcode\dijkstra’s algorithm\dijkstra’s algorithm\sqlite_lib\sqlite3.c(103118): warning C26451: Arithmetic overflow: Using operator '+' on a 4 byte value and then casting the result to a 8 byte value. Cast the value to the wider type before calling operator '+' to avoid overflow (io.2).
c:\users\admin\source\repos\tamerlanchik\foxcode\dijkstra’s algorithm\dijkstra’s algorithm\sqlite_lib\sqlite3.c(103139): warning C26451: Arithmetic overflow: Using operator '-' on a 4 byte value and then casting the result to a 8 byte value. Cast the value to the wider type before calling operator '-' to avoid overflow (io.2).
c:\users\admin\source\repos\tamerlanchik\foxcode\dijkstra’s algorithm\dijkstra’s algorithm\sqlite_lib\sqlite3.c(104608): warning C26451: Arithmetic overflow: Using operator '*' on a 4 byte value and then casting the result to a 8 byte value. Cast the value to the wider type before calling operator '*' to avoid overflow (io.2).
c:\users\admin\source\repos\tamerlanchik\foxcode\dijkstra’s algorithm\dijkstra’s algorithm\sqlite_lib\sqlite3.c(104608): warning C26451: Arithmetic overflow: Using operator '+' on a 4 byte value and then casting the result to a 8 byte value. Cast the value to the wider type before calling operator '+' to avoid overflow (io.2).
c:\users\admin\source\repos\tamerlanchik\foxcode\dijkstra’s algorithm\dijkstra’s algorithm\sqlite_lib\sqlite3.c(104617): warning C26451: Arithmetic overflow: Using operator '+' on a 4 byte value and then casting the result to a 8 byte value. Cast the value to the wider type before calling operator '+' to avoid overflow (io.2).
c:\users\admin\source\repos\tamerlanchik\foxcode\dijkstra’s algorithm\dijkstra’s algorithm\sqlite_lib\sqlite3.c(105805): warning C26451: Arithmetic overflow: Using operator '+' on a 4 byte value and then casting the result to a 8 byte value. Cast the value to the wider type before calling operator '+' to avoid overflow (io.2).
c:\users\admin\source\repos\tamerlanchik\foxcode\dijkstra’s algorithm\dijkstra’s algorithm\sqlite_lib\sqlite3.c(106649): warning C26451: Arithmetic overflow: Using operator '+' on a 4 byte value and then casting the result to a 8 byte value. Cast the value to the wider type before calling operator '+' to avoid overflow (io.2).
c:\users\admin\source\repos\tamerlanchik\foxcode\dijkstra’s algorithm\dijkstra’s algorithm\sqlite_lib\sqlite3.c(107676): warning C26451: Arithmetic overflow: Using operator '+' on a 4 byte value and then casting the result to a 8 byte value. Cast the value to the wider type before calling operator '+' to avoid overflow (io.2).
c:\users\admin\source\repos\tamerlanchik\foxcode\dijkstra’s algorithm\dijkstra’s algorithm\sqlite_lib\sqlite3.c(107676): warning C26451: Arithmetic overflow: Using operator '+' on a 4 byte value and then casting the result to a 8 byte value. Cast the value to the wider type before calling operator '+' to avoid overflow (io.2).
c:\users\admin\source\repos\tamerlanchik\foxcode\dijkstra’s algorithm\dijkstra’s algorithm\sqlite_lib\sqlite3.c(107691): warning C26451: Arithmetic overflow: Using operator '+' on a 4 byte value and then casting the result to a 8 byte value. Cast the value to the wider type before calling operator '+' to avoid overflow (io.2).
c:\users\admin\source\repos\tamerlanchik\foxcode\dijkstra’s algorithm\dijkstra’s algorithm\sqlite_lib\sqlite3.c(108282): warning C26451: Arithmetic overflow: Using operator '*' on a 4 byte value and then casting the result to a 8 byte value. Cast the value to the wider type before calling operator '*' to avoid overflow (io.2).
c:\users\admin\source\repos\tamerlanchik\foxcode\dijkstra’s algorithm\dijkstra’s algorithm\sqlite_lib\sqlite3.c(108297): warning C26451: Arithmetic overflow: Using operator '*' on a 4 byte value and then casting the result to a 8 byte value. Cast the value to the wider type before calling operator '*' to avoid overflow (io.2).
c:\users\admin\source\repos\tamerlanchik\foxcode\dijkstra’s algorithm\dijkstra’s algorithm\sqlite_lib\sqlite3.c(109384): warning C26451: Arithmetic overflow: Using operator '-' on a 4 byte value and then casting the result to a 8 byte value. Cast the value to the wider type before calling operator '-' to avoid overflow (io.2).
c:\users\admin\source\repos\tamerlanchik\foxcode\dijkstra’s algorithm\dijkstra’s algorithm\sqlite_lib\sqlite3.c(109404): warning C26451: Arithmetic overflow: Using operator '+' on a 4 byte value and then casting the result to a 8 byte value. Cast the value to the wider type before calling operator '+' to avoid overflow (io.2).
c:\users\admin\source\repos\tamerlanchik\foxcode\dijkstra’s algorithm\dijkstra’s algorithm\sqlite_lib\sqlite3.c(109437): warning C26451: Arithmetic overflow: Using operator '+' on a 4 byte value and then casting the result to a 8 byte value. Cast the value to the wider type before calling operator '+' to avoid overflow (io.2).
c:\users\admin\source\repos\tamerlanchik\foxcode\dijkstra’s algorithm\dijkstra’s algorithm\sqlite_lib\sqlite3.c(109598): warning C26451: Arithmetic overflow: Using operator '+' on a 4 byte value and then casting the result to a 8 byte value. Cast the value to the wider type before calling operator '+' to avoid overflow (io.2).
c:\users\admin\source\repos\tamerlanchik\foxcode\dijkstra’s algorithm\dijkstra’s algorithm\sqlite_lib\sqlite3.c(109601): warning C26451: Arithmetic overflow: Using operator '+' on a 4 byte value and then casting the result to a 8 byte value. Cast the value to the wider type before calling operator '+' to avoid overflow (io.2).
c:\users\admin\source\repos\tamerlanchik\foxcode\dijkstra’s algorithm\dijkstra’s algorithm\sqlite_lib\sqlite3.c(109605): warning C26451: Arithmetic overflow: Using operator '+' on a 4 byte value and then casting the result to a 8 byte value. Cast the value to the wider type before calling operator '+' to avoid overflow (io.2).
c:\users\admin\source\repos\tamerlanchik\foxcode\dijkstra’s algorithm\dijkstra’s algorithm\sqlite_lib\sqlite3.c(110121): warning C6011: Разыменование пустого указателя "pName". 
c:\users\admin\source\repos\tamerlanchik\foxcode\dijkstra’s algorithm\dijkstra’s algorithm\sqlite_lib\sqlite3.c(109859): warning C26451: Arithmetic overflow: Using operator '+' on a 4 byte value and then casting the result to a 8 byte value. Cast the value to the wider type before calling operator '+' to avoid overflow (io.2).
c:\users\admin\source\repos\tamerlanchik\foxcode\dijkstra’s algorithm\dijkstra’s algorithm\sqlite_lib\sqlite3.c(109860): warning C26451: Arithmetic overflow: Using operator '+' on a 4 byte value and then casting the result to a 8 byte value. Cast the value to the wider type before calling operator '+' to avoid overflow (io.2).
c:\users\admin\source\repos\tamerlanchik\foxcode\dijkstra’s algorithm\dijkstra’s algorithm\sqlite_lib\sqlite3.c(110337): warning C26451: Arithmetic overflow: Using operator '*' on a 4 byte value and then casting the result to a 8 byte value. Cast the value to the wider type before calling operator '*' to avoid overflow (io.2).
c:\users\admin\source\repos\tamerlanchik\foxcode\dijkstra’s algorithm\dijkstra’s algorithm\sqlite_lib\sqlite3.c(110467): warning C26451: Arithmetic overflow: Using operator '-' on a 4 byte value and then casting the result to a 8 byte value. Cast the value to the wider type before calling operator '-' to avoid overflow (io.2).
c:\users\admin\source\repos\tamerlanchik\foxcode\dijkstra’s algorithm\dijkstra’s algorithm\sqlite_lib\sqlite3.c(111667): warning C26451: Arithmetic overflow: Using operator '+' on a 4 byte value and then casting the result to a 8 byte value. Cast the value to the wider type before calling operator '+' to avoid overflow (io.2).
c:\users\admin\source\repos\tamerlanchik\foxcode\dijkstra’s algorithm\dijkstra’s algorithm\sqlite_lib\sqlite3.c(112237): warning C26451: Arithmetic overflow: Using operator '+' on a 4 byte value and then casting the result to a 8 byte value. Cast the value to the wider type before calling operator '+' to avoid overflow (io.2).
c:\users\admin\source\repos\tamerlanchik\foxcode\dijkstra’s algorithm\dijkstra’s algorithm\sqlite_lib\sqlite3.c(112242): warning C26451: Arithmetic overflow: Using operator '+' on a 4 byte value and then casting the result to a 8 byte value. Cast the value to the wider type before calling operator '+' to avoid overflow (io.2).
c:\users\admin\source\repos\tamerlanchik\foxcode\dijkstra’s algorithm\dijkstra’s algorithm\sqlite_lib\sqlite3.c(113818): warning C26451: Arithmetic overflow: Using operator '+' on a 4 byte value and then casting the result to a 8 byte value. Cast the value to the wider type before calling operator '+' to avoid overflow (io.2).
c:\users\admin\source\repos\tamerlanchik\foxcode\dijkstra’s algorithm\dijkstra’s algorithm\sqlite_lib\sqlite3.c(113818): warning C26451: Arithmetic overflow: Using operator '*' on a 4 byte value and then casting the result to a 8 byte value. Cast the value to the wider type before calling operator '*' to avoid overflow (io.2).
c:\users\admin\source\repos\tamerlanchik\foxcode\dijkstra’s algorithm\dijkstra’s algorithm\sqlite_lib\sqlite3.c(113944): warning C26451: Arithmetic overflow: Using operator '+' on a 4 byte value and then casting the result to a 8 byte value. Cast the value to the wider type before calling operator '+' to avoid overflow (io.2).
c:\users\admin\source\repos\tamerlanchik\foxcode\dijkstra’s algorithm\dijkstra’s algorithm\sqlite_lib\sqlite3.c(113957): warning C26451: Arithmetic overflow: Using operator '-' on a 4 byte value and then casting the result to a 8 byte value. Cast the value to the wider type before calling operator '-' to avoid overflow (io.2).
c:\users\admin\source\repos\tamerlanchik\foxcode\dijkstra’s algorithm\dijkstra’s algorithm\sqlite_lib\sqlite3.c(113985): warning C26451: Arithmetic overflow: Using operator '-' on a 4 byte value and then casting the result to a 8 byte value. Cast the value to the wider type before calling operator '-' to avoid overflow (io.2).
c:\users\admin\source\repos\tamerlanchik\foxcode\dijkstra’s algorithm\dijkstra’s algorithm\sqlite_lib\sqlite3.c(115359): warning C6011: Разыменование пустого указателя "pIdx". 
c:\users\admin\source\repos\tamerlanchik\foxcode\dijkstra’s algorithm\dijkstra’s algorithm\sqlite_lib\sqlite3.c(116086): warning C6011: Разыменование пустого указателя "pTrigger". 
c:\users\admin\source\repos\tamerlanchik\foxcode\dijkstra’s algorithm\dijkstra’s algorithm\sqlite_lib\sqlite3.c(116079): warning C6011: Разыменование пустого указателя "pStep". 
c:\users\admin\source\repos\tamerlanchik\foxcode\dijkstra’s algorithm\dijkstra’s algorithm\sqlite_lib\sqlite3.c(116255): warning C26451: Arithmetic overflow: Using operator '+' on a 4 byte value and then casting the result to a 8 byte value. Cast the value to the wider type before calling operator '+' to avoid overflow (io.2).
c:\users\admin\source\repos\tamerlanchik\foxcode\dijkstra’s algorithm\dijkstra’s algorithm\sqlite_lib\sqlite3.c(116306): warning C26451: Arithmetic overflow: Using operator '+' on a 4 byte value and then casting the result to a 8 byte value. Cast the value to the wider type before calling operator '+' to avoid overflow (io.2).
c:\users\admin\source\repos\tamerlanchik\foxcode\dijkstra’s algorithm\dijkstra’s algorithm\sqlite_lib\sqlite3.c(116988): warning C26451: Arithmetic overflow: Using operator '+' on a 4 byte value and then casting the result to a 8 byte value. Cast the value to the wider type before calling operator '+' to avoid overflow (io.2).
c:\users\admin\source\repos\tamerlanchik\foxcode\dijkstra’s algorithm\dijkstra’s algorithm\sqlite_lib\sqlite3.c(118554): warning C6011: Разыменование пустого указателя "pSrcIdx". 
c:\users\admin\source\repos\tamerlanchik\foxcode\dijkstra’s algorithm\dijkstra’s algorithm\sqlite_lib\sqlite3.c(118688): warning C26451: Arithmetic overflow: Using operator '+' on a 4 byte value and then casting the result to a 8 byte value. Cast the value to the wider type before calling operator '+' to avoid overflow (io.2).
c:\users\admin\source\repos\tamerlanchik\foxcode\dijkstra’s algorithm\dijkstra’s algorithm\sqlite_lib\sqlite3.c(118688): warning C26451: Arithmetic overflow: Using operator '*' on a 4 byte value and then casting the result to a 8 byte value. Cast the value to the wider type before calling operator '*' to avoid overflow (io.2).
c:\users\admin\source\repos\tamerlanchik\foxcode\dijkstra’s algorithm\dijkstra’s algorithm\sqlite_lib\sqlite3.c(119878): warning C26451: Arithmetic overflow: Using operator '+' on a 4 byte value and then casting the result to a 8 byte value. Cast the value to the wider type before calling operator '+' to avoid overflow (io.2).
c:\users\admin\source\repos\tamerlanchik\foxcode\dijkstra’s algorithm\dijkstra’s algorithm\sqlite_lib\sqlite3.c(119948): warning C26451: Arithmetic overflow: Using operator '+' on a 4 byte value and then casting the result to a 8 byte value. Cast the value to the wider type before calling operator '+' to avoid overflow (io.2).
c:\users\admin\source\repos\tamerlanchik\foxcode\dijkstra’s algorithm\dijkstra’s algorithm\sqlite_lib\sqlite3.c(119993): warning C26451: Arithmetic overflow: Using operator '+' on a 4 byte value and then casting the result to a 8 byte value. Cast the value to the wider type before calling operator '+' to avoid overflow (io.2).
c:\users\admin\source\repos\tamerlanchik\foxcode\dijkstra’s algorithm\dijkstra’s algorithm\sqlite_lib\sqlite3.c(120104): warning C26451: Arithmetic overflow: Using operator '+' on a 4 byte value and then casting the result to a 8 byte value. Cast the value to the wider type before calling operator '+' to avoid overflow (io.2).
c:\users\admin\source\repos\tamerlanchik\foxcode\dijkstra’s algorithm\dijkstra’s algorithm\sqlite_lib\sqlite3.c(122401): warning C26451: Arithmetic overflow: Using operator '+' on a 4 byte value and then casting the result to a 8 byte value. Cast the value to the wider type before calling operator '+' to avoid overflow (io.2).
c:\users\admin\source\repos\tamerlanchik\foxcode\dijkstra’s algorithm\dijkstra’s algorithm\sqlite_lib\sqlite3.c(123281): warning C6385: Чтение недопустимых данных из "pCsr->azArg":  доступный для чтения объем равен "16" байт, однако считать можно только "24" байт.
c:\users\admin\source\repos\tamerlanchik\foxcode\dijkstra’s algorithm\dijkstra’s algorithm\sqlite_lib\sqlite3.c(123280): warning C6386: Переполнение буфера при записи в "pCsr->azArg":  доступный для записи объем равен "16" байт, однако записать можно только "24" байт.
c:\users\admin\source\repos\tamerlanchik\foxcode\dijkstra’s algorithm\dijkstra’s algorithm\sqlite_lib\sqlite3.c(126385): warning C26451: Arithmetic overflow: Using operator '+' on a 4 byte value and then casting the result to a 8 byte value. Cast the value to the wider type before calling operator '+' to avoid overflow (io.2).
c:\users\admin\source\repos\tamerlanchik\foxcode\dijkstra’s algorithm\dijkstra’s algorithm\sqlite_lib\sqlite3.c(126385): warning C26451: Arithmetic overflow: Using operator '+' on a 4 byte value and then casting the result to a 8 byte value. Cast the value to the wider type before calling operator '+' to avoid overflow (io.2).
c:\users\admin\source\repos\tamerlanchik\foxcode\dijkstra’s algorithm\dijkstra’s algorithm\sqlite_lib\sqlite3.c(126387): warning C26451: Arithmetic overflow: Using operator '+' on a 4 byte value and then casting the result to a 8 byte value. Cast the value to the wider type before calling operator '+' to avoid overflow (io.2).
c:\users\admin\source\repos\tamerlanchik\foxcode\dijkstra’s algorithm\dijkstra’s algorithm\sqlite_lib\sqlite3.c(127516): warning C26451: Arithmetic overflow: Using operator '+' on a 4 byte value and then casting the result to a 8 byte value. Cast the value to the wider type before calling operator '+' to avoid overflow (io.2).
c:\users\admin\source\repos\tamerlanchik\foxcode\dijkstra’s algorithm\dijkstra’s algorithm\sqlite_lib\sqlite3.c(128275): warning C28182: Разыменование пустого (NULL) указателя. "pSub" содержит то же значение NULL, которое находилось в "pSub->pPrior". 
c:\users\admin\source\repos\tamerlanchik\foxcode\dijkstra’s algorithm\dijkstra’s algorithm\sqlite_lib\sqlite3.c(128440): warning C26451: Arithmetic overflow: Using operator '*' on a 4 byte value and then casting the result to a 8 byte value. Cast the value to the wider type before calling operator '*' to avoid overflow (io.2).
c:\users\admin\source\repos\tamerlanchik\foxcode\dijkstra’s algorithm\dijkstra’s algorithm\sqlite_lib\sqlite3.c(129667): warning C6011: Разыменование пустого указателя "pList". 
c:\users\admin\source\repos\tamerlanchik\foxcode\dijkstra’s algorithm\dijkstra’s algorithm\sqlite_lib\sqlite3.c(131490): warning C6011: Разыменование пустого указателя "pLink". 
c:\users\admin\source\repos\tamerlanchik\foxcode\dijkstra’s algorithm\dijkstra’s algorithm\sqlite_lib\sqlite3.c(132609): warning C26451: Arithmetic overflow: Using operator '+' on a 4 byte value and then casting the result to a 8 byte value. Cast the value to the wider type before calling operator '+' to avoid overflow (io.2).
c:\users\admin\source\repos\tamerlanchik\foxcode\dijkstra’s algorithm\dijkstra’s algorithm\sqlite_lib\sqlite3.c(132613): warning C26451: Arithmetic overflow: Using operator '+' on a 4 byte value and then casting the result to a 8 byte value. Cast the value to the wider type before calling operator '+' to avoid overflow (io.2).
c:\users\admin\source\repos\tamerlanchik\foxcode\dijkstra’s algorithm\dijkstra’s algorithm\sqlite_lib\sqlite3.c(132717): warning C26451: Arithmetic overflow: Using operator '+' on a 4 byte value and then casting the result to a 8 byte value. Cast the value to the wider type before calling operator '+' to avoid overflow (io.2).
c:\users\admin\source\repos\tamerlanchik\foxcode\dijkstra’s algorithm\dijkstra’s algorithm\sqlite_lib\sqlite3.c(134042): warning C26451: Arithmetic overflow: Using operator '+' on a 4 byte value and then casting the result to a 8 byte value. Cast the value to the wider type before calling operator '+' to avoid overflow (io.2).
c:\users\admin\source\repos\tamerlanchik\foxcode\dijkstra’s algorithm\dijkstra’s algorithm\sqlite_lib\sqlite3.c(134297): warning C26451: Arithmetic overflow: Using operator '+' on a 4 byte value and then casting the result to a 8 byte value. Cast the value to the wider type before calling operator '+' to avoid overflow (io.2).
c:\users\admin\source\repos\tamerlanchik\foxcode\dijkstra’s algorithm\dijkstra’s algorithm\sqlite_lib\sqlite3.c(134657): warning C26451: Arithmetic overflow: Using operator '+' on a 4 byte value and then casting the result to a 8 byte value. Cast the value to the wider type before calling operator '+' to avoid overflow (io.2).
c:\users\admin\source\repos\tamerlanchik\foxcode\dijkstra’s algorithm\dijkstra’s algorithm\sqlite_lib\sqlite3.c(135087): warning C26451: Arithmetic overflow: Using operator '+' on a 4 byte value and then casting the result to a 8 byte value. Cast the value to the wider type before calling operator '+' to avoid overflow (io.2).
c:\users\admin\source\repos\tamerlanchik\foxcode\dijkstra’s algorithm\dijkstra’s algorithm\sqlite_lib\sqlite3.c(136883): warning C26451: Arithmetic overflow: Using operator '+' on a 4 byte value and then casting the result to a 8 byte value. Cast the value to the wider type before calling operator '+' to avoid overflow (io.2).
c:\users\admin\source\repos\tamerlanchik\foxcode\dijkstra’s algorithm\dijkstra’s algorithm\sqlite_lib\sqlite3.c(143923): warning C6385: Чтение недопустимых данных из "pFrom->aLoop":  доступный для чтения объем равен "_Old_10`sizeof(WhereLoop *)*iLoop" байт, однако считать можно только "8" байт.
c:\users\admin\source\repos\tamerlanchik\foxcode\dijkstra’s algorithm\dijkstra’s algorithm\sqlite_lib\sqlite3.c(144323): warning C26451: Arithmetic overflow: Using operator '-' on a 4 byte value and then casting the result to a 8 byte value. Cast the value to the wider type before calling operator '-' to avoid overflow (io.2).
c:\users\admin\source\repos\tamerlanchik\foxcode\dijkstra’s algorithm\dijkstra’s algorithm\sqlite_lib\sqlite3.c(145397): warning C26451: Arithmetic overflow: Using operator '+' on a 4 byte value and then casting the result to a 8 byte value. Cast the value to the wider type before calling operator '+' to avoid overflow (io.2).
c:\users\admin\source\repos\tamerlanchik\foxcode\dijkstra’s algorithm\dijkstra’s algorithm\sqlite_lib\sqlite3.c(145403): warning C26451: Arithmetic overflow: Using operator '+' on a 4 byte value and then casting the result to a 8 byte value. Cast the value to the wider type before calling operator '+' to avoid overflow (io.2).
c:\users\admin\source\repos\tamerlanchik\foxcode\dijkstra’s algorithm\dijkstra’s algorithm\sqlite_lib\sqlite3.c(145703): warning C28182: Разыменование пустого (NULL) указателя. "p->pWin" содержит то же значение NULL, которое находилось в "pWin". 
c:\users\admin\source\repos\tamerlanchik\foxcode\dijkstra’s algorithm\dijkstra’s algorithm\sqlite_lib\sqlite3.c(147413): warning C6011: Разыменование пустого указателя "p". Самое раннее расположение, где это могло произойти, см. в строке 147405
c:\users\admin\source\repos\tamerlanchik\foxcode\dijkstra’s algorithm\dijkstra’s algorithm\sqlite_lib\sqlite3.c(149468): warning C6385: Чтение недопустимых данных из "yy_action":  доступный для чтения объем равен "4018" байт, однако считать можно только "i" байт.
c:\users\admin\source\repos\tamerlanchik\foxcode\dijkstra’s algorithm\dijkstra’s algorithm\sqlite_lib\sqlite3.c(151820): warning C26451: Arithmetic overflow: Using operator '+' on a 4 byte value and then casting the result to a 8 byte value. Cast the value to the wider type before calling operator '+' to avoid overflow (io.2).
c:\users\admin\source\repos\tamerlanchik\foxcode\dijkstra’s algorithm\dijkstra’s algorithm\sqlite_lib\sqlite3.c(153549): warning C26451: Arithmetic overflow: Using operator '-' on a 4 byte value and then casting the result to a 8 byte value. Cast the value to the wider type before calling operator '-' to avoid overflow (io.2).
c:\users\admin\source\repos\tamerlanchik\foxcode\dijkstra’s algorithm\dijkstra’s algorithm\sqlite_lib\sqlite3.c(154396): warning C26451: Arithmetic overflow: Using operator '*' on a 4 byte value and then casting the result to a 8 byte value. Cast the value to the wider type before calling operator '*' to avoid overflow (io.2).
c:\users\admin\source\repos\tamerlanchik\foxcode\dijkstra’s algorithm\dijkstra’s algorithm\sqlite_lib\sqlite3.c(156428): warning C26451: Arithmetic overflow: Using operator '+' on a 4 byte value and then casting the result to a 8 byte value. Cast the value to the wider type before calling operator '+' to avoid overflow (io.2).
c:\users\admin\source\repos\tamerlanchik\foxcode\dijkstra’s algorithm\dijkstra’s algorithm\sqlite_lib\sqlite3.c(156608): warning C26451: Arithmetic overflow: Using operator '+' on a 4 byte value and then casting the result to a 8 byte value. Cast the value to the wider type before calling operator '+' to avoid overflow (io.2).
c:\users\admin\source\repos\tamerlanchik\foxcode\dijkstra’s algorithm\dijkstra’s algorithm\sqlite_lib\sqlite3.c(157001): warning C6011: Разыменование пустого указателя "db". 
c:\users\admin\source\repos\tamerlanchik\foxcode\dijkstra’s algorithm\dijkstra’s algorithm\sqlite_lib\sqlite3.c(157812): warning C26451: Arithmetic overflow: Using operator '+' on a 4 byte value and then casting the result to a 8 byte value. Cast the value to the wider type before calling operator '+' to avoid overflow (io.2).
c:\users\admin\source\repos\tamerlanchik\foxcode\dijkstra’s algorithm\dijkstra’s algorithm\sqlite_lib\sqlite3.c(157815): warning C26451: Arithmetic overflow: Using operator '+' on a 4 byte value and then casting the result to a 8 byte value. Cast the value to the wider type before calling operator '+' to avoid overflow (io.2).
c:\users\admin\source\repos\tamerlanchik\foxcode\dijkstra’s algorithm\dijkstra’s algorithm\sqlite_lib\sqlite3.c(157817): warning C26451: Arithmetic overflow: Using operator '+' on a 4 byte value and then casting the result to a 8 byte value. Cast the value to the wider type before calling operator '+' to avoid overflow (io.2).
